/!\ FAILSAFE /!\  Sun Oct 25 12:41:53 -0700 2009
  Status: 500 Internal Server Error
  Unknown database 'flickr-gadget_development'
    /opt/ruby-enterprise-1.8.7-20090928/lib/ruby/gems/1.8/gems/activerecord-2.3.4/lib/active_record/connection_adapters/mysql_adapter.rb:585:in `real_connect'
    /opt/ruby-enterprise-1.8.7-20090928/lib/ruby/gems/1.8/gems/activerecord-2.3.4/lib/active_record/connection_adapters/mysql_adapter.rb:585:in `connect'
    /opt/ruby-enterprise-1.8.7-20090928/lib/ruby/gems/1.8/gems/activerecord-2.3.4/lib/active_record/connection_adapters/mysql_adapter.rb:199:in `initialize'
    /opt/ruby-enterprise-1.8.7-20090928/lib/ruby/gems/1.8/gems/activerecord-2.3.4/lib/active_record/connection_adapters/mysql_adapter.rb:71:in `new'
    /opt/ruby-enterprise-1.8.7-20090928/lib/ruby/gems/1.8/gems/activerecord-2.3.4/lib/active_record/connection_adapters/mysql_adapter.rb:71:in `mysql_connection'
    /opt/ruby-enterprise-1.8.7-20090928/lib/ruby/gems/1.8/gems/activerecord-2.3.4/lib/active_record/connection_adapters/abstract/connection_pool.rb:223:in `send'
    /opt/ruby-enterprise-1.8.7-20090928/lib/ruby/gems/1.8/gems/activerecord-2.3.4/lib/active_record/connection_adapters/abstract/connection_pool.rb:223:in `new_connection'
    /opt/ruby-enterprise-1.8.7-20090928/lib/ruby/gems/1.8/gems/activerecord-2.3.4/lib/active_record/connection_adapters/abstract/connection_pool.rb:245:in `checkout_new_connection'
    /opt/ruby-enterprise-1.8.7-20090928/lib/ruby/gems/1.8/gems/activerecord-2.3.4/lib/active_record/connection_adapters/abstract/connection_pool.rb:188:in `checkout'
    /opt/ruby-enterprise-1.8.7-20090928/lib/ruby/gems/1.8/gems/activerecord-2.3.4/lib/active_record/connection_adapters/abstract/connection_pool.rb:184:in `loop'
    /opt/ruby-enterprise-1.8.7-20090928/lib/ruby/gems/1.8/gems/activerecord-2.3.4/lib/active_record/connection_adapters/abstract/connection_pool.rb:184:in `checkout'
    /opt/ruby-enterprise-1.8.7-20090928/lib/ruby/1.8/monitor.rb:242:in `synchronize'
    /opt/ruby-enterprise-1.8.7-20090928/lib/ruby/gems/1.8/gems/activerecord-2.3.4/lib/active_record/connection_adapters/abstract/connection_pool.rb:183:in `checkout'
    /opt/ruby-enterprise-1.8.7-20090928/lib/ruby/gems/1.8/gems/activerecord-2.3.4/lib/active_record/connection_adapters/abstract/connection_pool.rb:98:in `connection'
    /opt/ruby-enterprise-1.8.7-20090928/lib/ruby/gems/1.8/gems/activerecord-2.3.4/lib/active_record/connection_adapters/abstract/connection_pool.rb:326:in `retrieve_connection'
    /opt/ruby-enterprise-1.8.7-20090928/lib/ruby/gems/1.8/gems/activerecord-2.3.4/lib/active_record/connection_adapters/abstract/connection_specification.rb:123:in `retrieve_connection'
    /opt/ruby-enterprise-1.8.7-20090928/lib/ruby/gems/1.8/gems/activerecord-2.3.4/lib/active_record/connection_adapters/abstract/connection_specification.rb:115:in `connection'
    /opt/ruby-enterprise-1.8.7-20090928/lib/ruby/gems/1.8/gems/activerecord-2.3.4/lib/active_record/query_cache.rb:9:in `cache'
    /opt/ruby-enterprise-1.8.7-20090928/lib/ruby/gems/1.8/gems/activerecord-2.3.4/lib/active_record/query_cache.rb:28:in `call'
    /opt/ruby-enterprise-1.8.7-20090928/lib/ruby/gems/1.8/gems/activerecord-2.3.4/lib/active_record/connection_adapters/abstract/connection_pool.rb:361:in `call'
    /opt/ruby-enterprise-1.8.7-20090928/lib/ruby/gems/1.8/gems/rack-1.0.0/lib/rack/head.rb:9:in `call'
    /opt/ruby-enterprise-1.8.7-20090928/lib/ruby/gems/1.8/gems/rack-1.0.0/lib/rack/methodoverride.rb:24:in `call'
    /opt/ruby-enterprise-1.8.7-20090928/lib/ruby/gems/1.8/gems/actionpack-2.3.4/lib/action_controller/params_parser.rb:15:in `call'
    /opt/ruby-enterprise-1.8.7-20090928/lib/ruby/gems/1.8/gems/actionpack-2.3.4/lib/action_controller/session/cookie_store.rb:93:in `call'
    /opt/ruby-enterprise-1.8.7-20090928/lib/ruby/gems/1.8/gems/actionpack-2.3.4/lib/action_controller/failsafe.rb:26:in `call'
    /opt/ruby-enterprise-1.8.7-20090928/lib/ruby/gems/1.8/gems/rack-1.0.0/lib/rack/lock.rb:11:in `call'
    /opt/ruby-enterprise-1.8.7-20090928/lib/ruby/gems/1.8/gems/rack-1.0.0/lib/rack/lock.rb:11:in `synchronize'
    /opt/ruby-enterprise-1.8.7-20090928/lib/ruby/gems/1.8/gems/rack-1.0.0/lib/rack/lock.rb:11:in `call'
    /opt/ruby-enterprise-1.8.7-20090928/lib/ruby/gems/1.8/gems/actionpack-2.3.4/lib/action_controller/dispatcher.rb:114:in `call'
    /opt/ruby-enterprise-1.8.7-20090928/lib/ruby/gems/1.8/gems/actionpack-2.3.4/lib/action_controller/reloader.rb:34:in `run'
    /opt/ruby-enterprise-1.8.7-20090928/lib/ruby/gems/1.8/gems/actionpack-2.3.4/lib/action_controller/dispatcher.rb:108:in `call'
    /opt/ruby-enterprise-1.8.7-20090928/lib/ruby/gems/1.8/gems/rails-2.3.4/lib/rails/rack/static.rb:31:in `call'
    /opt/ruby-enterprise-1.8.7-20090928/lib/ruby/gems/1.8/gems/rack-1.0.0/lib/rack/urlmap.rb:46:in `call'
    /opt/ruby-enterprise-1.8.7-20090928/lib/ruby/gems/1.8/gems/rack-1.0.0/lib/rack/urlmap.rb:40:in `each'
    /opt/ruby-enterprise-1.8.7-20090928/lib/ruby/gems/1.8/gems/rack-1.0.0/lib/rack/urlmap.rb:40:in `call'
    /opt/ruby-enterprise-1.8.7-20090928/lib/ruby/gems/1.8/gems/rails-2.3.4/lib/rails/rack/log_tailer.rb:17:in `call'
    /opt/ruby-enterprise-1.8.7-20090928/lib/ruby/gems/1.8/gems/rack-1.0.0/lib/rack/content_length.rb:13:in `call'
    /opt/ruby-enterprise-1.8.7-20090928/lib/ruby/gems/1.8/gems/rack-1.0.0/lib/rack/handler/webrick.rb:46:in `service'
    /opt/ruby-enterprise-1.8.7-20090928/lib/ruby/1.8/webrick/httpserver.rb:104:in `service'
    /opt/ruby-enterprise-1.8.7-20090928/lib/ruby/1.8/webrick/httpserver.rb:65:in `run'
    /opt/ruby-enterprise-1.8.7-20090928/lib/ruby/1.8/webrick/server.rb:173:in `start_thread'
    /opt/ruby-enterprise-1.8.7-20090928/lib/ruby/1.8/webrick/server.rb:162:in `start'
    /opt/ruby-enterprise-1.8.7-20090928/lib/ruby/1.8/webrick/server.rb:162:in `start_thread'
    /opt/ruby-enterprise-1.8.7-20090928/lib/ruby/1.8/webrick/server.rb:95:in `start'
    /opt/ruby-enterprise-1.8.7-20090928/lib/ruby/1.8/webrick/server.rb:92:in `each'
    /opt/ruby-enterprise-1.8.7-20090928/lib/ruby/1.8/webrick/server.rb:92:in `start'
    /opt/ruby-enterprise-1.8.7-20090928/lib/ruby/1.8/webrick/server.rb:23:in `start'
    /opt/ruby-enterprise-1.8.7-20090928/lib/ruby/1.8/webrick/server.rb:82:in `start'
    /opt/ruby-enterprise-1.8.7-20090928/lib/ruby/gems/1.8/gems/rack-1.0.0/lib/rack/handler/webrick.rb:13:in `run'
    /opt/ruby-enterprise-1.8.7-20090928/lib/ruby/gems/1.8/gems/rails-2.3.4/lib/commands/server.rb:111
    /opt/ruby-enterprise-1.8.7-20090928/lib/ruby/site_ruby/1.8/rubygems/custom_require.rb:31:in `gem_original_require'
    /opt/ruby-enterprise-1.8.7-20090928/lib/ruby/site_ruby/1.8/rubygems/custom_require.rb:31:in `require'
    ./script/server:3
  [4;36;1mSQL (0.2ms)[0m   [0;1mSET NAMES 'utf8'[0m
  [4;35;1mSQL (0.1ms)[0m   [0mSET SQL_AUTO_IS_NULL=0[0m


Processing ApplicationController#index (for ::1 at 2009-10-25 12:42:17) [GET]

NameError (uninitialized constant GadgetsController):
  /opt/ruby-enterprise-1.8.7-20090928/lib/ruby/1.8/webrick/httpserver.rb:104:in `service'
  /opt/ruby-enterprise-1.8.7-20090928/lib/ruby/1.8/webrick/httpserver.rb:65:in `run'
  /opt/ruby-enterprise-1.8.7-20090928/lib/ruby/1.8/webrick/server.rb:173:in `start_thread'
  /opt/ruby-enterprise-1.8.7-20090928/lib/ruby/1.8/webrick/server.rb:162:in `start'
  /opt/ruby-enterprise-1.8.7-20090928/lib/ruby/1.8/webrick/server.rb:162:in `start_thread'
  /opt/ruby-enterprise-1.8.7-20090928/lib/ruby/1.8/webrick/server.rb:95:in `start'
  /opt/ruby-enterprise-1.8.7-20090928/lib/ruby/1.8/webrick/server.rb:92:in `each'
  /opt/ruby-enterprise-1.8.7-20090928/lib/ruby/1.8/webrick/server.rb:92:in `start'
  /opt/ruby-enterprise-1.8.7-20090928/lib/ruby/1.8/webrick/server.rb:23:in `start'
  /opt/ruby-enterprise-1.8.7-20090928/lib/ruby/1.8/webrick/server.rb:82:in `start'

Rendered rescues/_trace (27.0ms)
Rendered rescues/_request_and_response (1.1ms)
Rendering rescues/layout (internal_server_error)
  [4;36;1mSQL (0.2ms)[0m   [0;1mSET NAMES 'utf8'[0m
  [4;35;1mSQL (0.1ms)[0m   [0mSET SQL_AUTO_IS_NULL=0[0m


Processing GadgetController#index (for ::1 at 2009-10-25 12:42:48) [GET]
Rendering gadget/index
Completed in 46ms (View: 45, DB: 0) | 200 OK [http://localhost/]
